<<<<<<< HEAD
﻿Build started 3/2/2017 8:13:43 PM.
     1>Project "C:\Users\150576E\Desktop\SP4New\SP4\Common\Common.vcxproj" on node 2 (Build target(s)).
=======
<<<<<<< HEAD
﻿Build started 3/2/2017 5:43:51 PM.
     1>Project "C:\Users\151131H\Desktop\SP4.3\SP4\Common\Common.vcxproj" on node 2 (Build target(s)).
>>>>>>> e69f721005af43b8f3659a70fe6af8f6f7c92104
     1>ClCompile:
         C:\Program Files (x86)\Microsoft Visual Studio 12.0\VC\bin\CL.exe /c /ZI /nologo /W3 /WX- /Od /Oy- /D _VARIADIC_MAX=10 /D WIN32 /D _DEBUG /D _LIB /D _UNICODE /D UNICODE /Gm /EHsc /RTC1 /MDd /GS /fp:precise /Zc:wchar_t /Zc:forScope /Fo"Debug\\" /Fd"Debug\vc120.pdb" /Gd /TP /analyze- /errorReport:prompt Source\DepthFBO.cpp Source\LoadOBJ.cpp Source\LoadTGA.cpp Source\MatrixStack.cpp Source\Mesh.cpp Source\Mtx44.cpp Source\shader.cpp Source\SimpleCommand.cpp Source\timer.cpp Source\Utility.cpp Source\Vector3.cpp
         Vector3.cpp
         Utility.cpp
         timer.cpp
         SimpleCommand.cpp
         shader.cpp
         Mtx44.cpp
         Mesh.cpp
         MatrixStack.cpp
         LoadTGA.cpp
         LoadOBJ.cpp
         DepthFBO.cpp
         Generating Code...
       Lib:
<<<<<<< HEAD
         C:\Program Files (x86)\Microsoft Visual Studio 12.0\VC\bin\Lib.exe /OUT:"C:\Users\150576E\Desktop\SP4New\SP4\Debug\Common.lib" /NOLOGO Debug\DepthFBO.obj
=======
         C:\Program Files (x86)\Microsoft Visual Studio 12.0\VC\bin\Lib.exe /OUT:"C:\Users\151131H\Desktop\SP4.3\SP4\Debug\Common.lib" /NOLOGO Debug\DepthFBO.obj
>>>>>>> e69f721005af43b8f3659a70fe6af8f6f7c92104
         Debug\LoadOBJ.obj
         Debug\LoadTGA.obj
         Debug\MatrixStack.obj
         Debug\Mesh.obj
         Debug\Mtx44.obj
         Debug\shader.obj
         Debug\SimpleCommand.obj
         Debug\timer.obj
         Debug\Utility.obj
         Debug\Vector3.obj
<<<<<<< HEAD
         Common.vcxproj -> C:\Users\150576E\Desktop\SP4New\SP4\Debug\Common.lib
     1>Done Building Project "C:\Users\150576E\Desktop\SP4New\SP4\Common\Common.vcxproj" (Build target(s)).

Build succeeded.

Time Elapsed 00:00:05.37
=======
         Common.vcxproj -> C:\Users\151131H\Desktop\SP4.3\SP4\Debug\Common.lib
     1>Done Building Project "C:\Users\151131H\Desktop\SP4.3\SP4\Common\Common.vcxproj" (Build target(s)).
=======
﻿Build started 3/2/2017 6:49:50 PM.
>>>>>>> 7a47e95af84a8f7627f030fb5d098e5e242213f4

Build succeeded.

Time Elapsed 00:00:04.84
>>>>>>> e69f721005af43b8f3659a70fe6af8f6f7c92104
