c:\users\okami\desktop\sp4\sp4\common\debug\vc120.pdb
c:\users\okami\desktop\sp4\sp4\common\debug\vc120.idb
c:\users\okami\desktop\sp4\sp4\common\debug\depthfbo.obj
c:\users\okami\desktop\sp4\sp4\common\debug\loadobj.obj
c:\users\okami\desktop\sp4\sp4\common\debug\loadtga.obj
c:\users\okami\desktop\sp4\sp4\common\debug\matrixstack.obj
c:\users\okami\desktop\sp4\sp4\common\debug\mesh.obj
c:\users\okami\desktop\sp4\sp4\common\debug\mtx44.obj
c:\users\okami\desktop\sp4\sp4\common\debug\shader.obj
c:\users\okami\desktop\sp4\sp4\common\debug\simplecommand.obj
c:\users\okami\desktop\sp4\sp4\common\debug\timer.obj
c:\users\okami\desktop\sp4\sp4\common\debug\utility.obj
c:\users\okami\desktop\sp4\sp4\common\debug\vector3.obj
c:\users\okami\desktop\sp4\sp4\debug\common.lib
c:\users\okami\desktop\sp4\sp4\common\debug\common.tlog\cl.command.1.tlog
c:\users\okami\desktop\sp4\sp4\common\debug\common.tlog\cl.read.1.tlog
c:\users\okami\desktop\sp4\sp4\common\debug\common.tlog\cl.write.1.tlog
c:\users\okami\desktop\sp4\sp4\common\debug\common.tlog\lib-link.read.1.tlog
c:\users\okami\desktop\sp4\sp4\common\debug\common.tlog\lib-link.write.1.tlog
c:\users\okami\desktop\sp4\sp4\common\debug\common.tlog\lib.command.1.tlog
