Build started 2/15/2017 1:08:05 PM.
     1>Project "C:\Users\151131H\Desktop\SP4\SP4\Base\Base.vcxproj" on node 2 (Build target(s)).
     1>ClCompile:
         C:\Program Files (x86)\Microsoft Visual Studio 12.0\VC\bin\CL.exe /c /IC:\Users\151131H\Desktop\SP4\SP4\/Base/Source/Main/Engine/Lua /IC:\Users\151131H\Desktop\SP4\SP4\/Common/Source /IC:\Users\151131H\Desktop\SP4\SP4\/glew/include /IC:\Users\151131H\Desktop\SP4\SP4\/glfw/include /ZI /nologo /W3 /WX- /Od /Oy- /D _VARIADIC_MAX=10 /D WIN32 /D _DEBUG /D _CONSOLE /D _UNICODE /D UNICODE /Gm /EHsc /RTC1 /MDd /GS /fp:precise /Zc:wchar_t /Zc:forScope /Fo"Debug\\" /Fd"Debug\vc120.pdb" /Gd /TP /analyze- /errorReport:prompt Source\Main\Game\Objects\Characters\CharacterEntity.cpp Source\Main\Game\Objects\Characters\Skill.cpp Source\Main\Game\Objects\Characters\Warrior.cpp
         Warrior.cpp
     1>c:\users\151131h\desktop\sp4\sp4\base\source\main\game\objects\characters\warrior.h(8): warning C4584: 'Warrior' : base-class 'CharacterEntity' is already a base-class of 'OffensiveSkill'
                 c:\users\151131h\desktop\sp4\sp4\base\source\main\game\objects\characters\characterentity.h(8) : see declaration of 'CharacterEntity'
                 c:\users\151131h\desktop\sp4\sp4\base\source\main\game\objects\characters\skill.h(51) : see declaration of 'OffensiveSkill'
         Skill.cpp
         CharacterEntity.cpp
         Generating Code...
       Link:
         C:\Program Files (x86)\Microsoft Visual Studio 12.0\VC\bin\link.exe /ERRORREPORT:PROMPT /OUT:"C:\Users\151131H\Desktop\SP4\SP4\Debug\Base.exe" /INCREMENTAL:NO /NOLOGO /LIBPATH:C:\Users\151131H\Desktop\SP4\SP4\/Lua /LIBPATH:C:\Users\151131H\Desktop\SP4\SP4\Debug /LIBPATH:"C:\Users\151131H\Desktop\SP4\SP4\/glfw/lib-msvc100" /LIBPATH:C:\Users\151131H\Desktop\SP4\SP4\/glew/lib Common.lib winmm.lib opengl32.lib glu32.lib glew32.lib glfw3.lib lua5.1.lib kernel32.lib user32.lib gdi32.lib winspool.lib comdlg32.lib advapi32.lib shell32.lib ole32.lib oleaut32.lib uuid.lib odbc32.lib odbccp32.lib /MANIFEST /MANIFESTUAC:"level='asInvoker' uiAccess='false'" /manifest:embed /DEBUG /PDB:"C:\Users\151131H\Desktop\SP4\SP4\Debug\Base.pdb" /SUBSYSTEM:CONSOLE /TLBID:1 /DYNAMICBASE /NXCOMPAT /IMPLIB:"C:\Users\151131H\Desktop\SP4\SP4\Debug\Base.lib" /MACHINE:X86 Debug\BaseObject.obj
         Debug\StateList.obj
         Debug\StateManager.obj
         Debug\LuaSystem.obj
         Debug\RenderSystem.obj
         Debug\SceneSystem.obj
         Debug\Button.obj
         Debug\Description.obj
         Debug\AIAllAttack.obj
         Debug\AIBase.obj
         Debug\AIBuffDebuff.obj
         Debug\AICombined.obj
         Debug\AIDefault.obj
         Debug\AIStateManager.obj
         Debug\AIStatusEffect.obj
         Debug\CharacterEntity.obj
         Debug\Player.obj
         Debug\ItemEntity.obj
         Debug\Skill.obj
         Debug\Boundary.obj
         Debug\Projection.obj
         Debug\Warrior.obj
         Debug\EventSystem.obj
         Debug\ObjectManager.obj
         Debug\Application.obj
         Debug\Camera.obj
         Debug\main.obj
         Debug\MeshBuilder.obj
         Debug\Scene_Assignment1.obj
         Debug\SceneBase.obj
     1>BaseObject.obj : warning LNK4075: ignoring '/EDITANDCONTINUE' due to '/OPT:LBR' specification
     1>LINK : warning LNK4098: defaultlib 'MSVCRT' conflicts with use of other libs; use /NODEFAULTLIB:library
         Base.vcxproj -> C:\Users\151131H\Desktop\SP4\SP4\Debug\Base.exe
     1>Done Building Project "C:\Users\151131H\Desktop\SP4\SP4\Base\Base.vcxproj" (Build target(s)).

Build succeeded.

Time Elapsed 00:00:01.88
