c:\users\terence\downloads\sp4.2\sp4\base\debug\vc120.pdb
c:\users\terence\downloads\sp4.2\sp4\base\debug\vc120.idb
c:\users\terence\downloads\sp4.2\sp4\base\debug\boundary2d.obj
c:\users\terence\downloads\sp4.2\sp4\base\debug\inventorybuttons.obj
c:\users\terence\downloads\sp4.2\sp4\base\debug\projection.obj
c:\users\terence\downloads\sp4.2\sp4\base\debug\warrior.obj
c:\users\terence\downloads\sp4.2\sp4\base\debug\mainmenu.obj
c:\users\terence\downloads\sp4.2\sp4\base\debug\scenebattles.obj
c:\users\terence\downloads\sp4.2\sp4\base\debug\scenecharacterselection.obj
c:\users\terence\downloads\sp4.2\sp4\base\debug\scenelevelselection.obj
c:\users\terence\downloads\sp4.2\sp4\base\debug\sceneresult.obj
c:\users\terence\downloads\sp4.2\sp4\base\debug\splashscreen.obj
c:\users\terence\downloads\sp4.2\sp4\base\debug\town.obj
c:\users\terence\downloads\sp4.2\sp4\base\debug\battlesystem.obj
c:\users\terence\downloads\sp4.2\sp4\base\debug\eventsystem.obj
c:\users\terence\downloads\sp4.2\sp4\base\debug\objectmanager.obj
c:\users\terence\downloads\sp4.2\sp4\base\debug\application.obj
c:\users\terence\downloads\sp4.2\sp4\base\debug\camera.obj
c:\users\terence\downloads\sp4.2\sp4\base\debug\main.obj
c:\users\terence\downloads\sp4.2\sp4\base\debug\meshbuilder.obj
c:\users\terence\downloads\sp4.2\sp4\base\debug\scene_assignment1.obj
c:\users\terence\downloads\sp4.2\sp4\base\debug\scenebase.obj
c:\users\terence\downloads\sp4.2\sp4\base\debug\button.obj
c:\users\terence\downloads\sp4.2\sp4\base\debug\description.obj
c:\users\terence\downloads\sp4.2\sp4\base\debug\aiallattack.obj
c:\users\terence\downloads\sp4.2\sp4\base\debug\aibase.obj
c:\users\terence\downloads\sp4.2\sp4\base\debug\aibuffdebuff.obj
c:\users\terence\downloads\sp4.2\sp4\base\debug\aicombined.obj
c:\users\terence\downloads\sp4.2\sp4\base\debug\aidefault.obj
c:\users\terence\downloads\sp4.2\sp4\base\debug\aistatemanager.obj
c:\users\terence\downloads\sp4.2\sp4\base\debug\aistatuseffect.obj
c:\users\terence\downloads\sp4.2\sp4\base\debug\descriptiontext.obj
c:\users\terence\downloads\sp4.2\sp4\base\debug\characterentity.obj
c:\users\terence\downloads\sp4.2\sp4\base\debug\mage.obj
c:\users\terence\downloads\sp4.2\sp4\base\debug\player.obj
c:\users\terence\downloads\sp4.2\sp4\base\debug\priest.obj
c:\users\terence\downloads\sp4.2\sp4\base\debug\consumables.obj
c:\users\terence\downloads\sp4.2\sp4\base\debug\itementity.obj
c:\users\terence\downloads\sp4.2\sp4\base\debug\skill.obj
c:\users\terence\downloads\sp4.2\sp4\base\debug\resource.obj
c:\users\terence\downloads\sp4.2\sp4\base\debug\battlebutton.obj
c:\users\terence\downloads\sp4.2\sp4\base\debug\boundary.obj
c:\users\terence\downloads\sp4.2\sp4\base\debug\audio_player.obj
c:\users\terence\downloads\sp4.2\sp4\base\debug\baseobject.obj
c:\users\terence\downloads\sp4.2\sp4\base\debug\inputmanager.obj
c:\users\terence\downloads\sp4.2\sp4\base\debug\luasystem.obj
c:\users\terence\downloads\sp4.2\sp4\base\debug\rendersystem.obj
c:\users\terence\downloads\sp4.2\sp4\base\debug\scenesystem.obj
c:\users\terence\downloads\sp4.2\sp4\base\debug\aibattleplanner.obj
c:\users\terence\downloads\sp4.2\sp4\debug\base.exe
c:\users\terence\downloads\sp4.2\sp4\debug\base.pdb
c:\users\terence\downloads\sp4.2\sp4\base\debug\base.tlog\cl.command.1.tlog
c:\users\terence\downloads\sp4.2\sp4\base\debug\base.tlog\cl.read.1.tlog
c:\users\terence\downloads\sp4.2\sp4\base\debug\base.tlog\cl.write.1.tlog
c:\users\terence\downloads\sp4.2\sp4\base\debug\base.tlog\link.command.1.tlog
c:\users\terence\downloads\sp4.2\sp4\base\debug\base.tlog\link.read.1.tlog
c:\users\terence\downloads\sp4.2\sp4\base\debug\base.tlog\link.write.1.tlog
